<?xml version="1.0" encoding="UTF-8"?>
<!-- Generated by org.testng.reporters.JUnitXMLReporter -->
<testsuite ignored="0" hostname="Sensei" failures="1" tests="2" name="Test" time="17.718" errors="0" timestamp="2023-02-17T12:09:06 IST">
  <testcase classname="Tests.Tests" name="matchReleaseDate" time="5.034">
    <failure type="java.lang.AssertionError" message="expected [17 December 2021] but found [December 17, 2021 (United States)]">
      <![CDATA[java.lang.AssertionError: expected [17 December 2021] but found [December 17, 2021 (United States)]
at Tests.Tests.matchReleaseDate(Tests.java:43)
at java.base/java.util.ArrayList.forEach(ArrayList.java:1541)
at java.base/java.util.concurrent.FutureTask.run(FutureTask.java:264)
at java.base/java.util.concurrent.ThreadPoolExecutor.runWorker(ThreadPoolExecutor.java:1128)
at java.base/java.util.concurrent.ThreadPoolExecutor$Worker.run(ThreadPoolExecutor.java:628)
at java.base/java.lang.Thread.run(Thread.java:834)
... Removed 24 stack frames]]>
    </failure>
  </testcase> <!-- matchReleaseDate -->
  <testcase classname="Tests.Tests" name="matchCountryOrigin" time="6.323"/>
</testsuite> <!-- Test -->
